<?xml version="1.0" encoding="UTF-8"?>
<!-- Generated by org.testng.reporters.JUnitXMLReporter -->
<testsuite ignored="1" hostname="DESKTOP-AIL56GR" failures="0" tests="2" name="Test" time="114.181" errors="0" timestamp="2023-10-07T19:27:41 IST">
  <testcase classname="com.testCases.loginTest" name="login" time="32.743"/>
  <testcase classname="com.testCases.newTradeTest" name="newtrade" time="29.639"/>
  <testcase classname="com.base.baseClass" name="@BeforeTest readProperty" time="0.0">
    <ignored/>
  </testcase> <!-- @BeforeTest readProperty -->
</testsuite> <!-- Test -->
