<?xml version="1.0" encoding="UTF-8"?>
<testng-results ignored="1" total="3" passed="2" failed="0" skipped="0">
  <reporter-output>
    <line>
      <![CDATA[Company entered: manu]]>
    </line>
    <line>
      <![CDATA[Username entered: Hrishikesh]]>
    </line>
    <line>
      <![CDATA[Password entered: Hrishikesh@1234]]>
    </line>
    <line>
      <![CDATA[Logged In]]>
    </line>
    <line>
      <![CDATA[Moved to Home Page]]>
    </line>
    <line>
      <![CDATA[Page Title: Xceler CTRM]]>
    </line>
    <line>
      <![CDATA[Total Trades before adding new: Total 1153 Trade]]>
    </line>
    <line>
      <![CDATA[New Trade Creation Started]]>
    </line>
    <line>
      <![CDATA[New Trade Created]]>
    </line>
    <line>
      <![CDATA[Sell count: 12]]>
    </line>
    <line>
      <![CDATA[Buy count: 8]]>
    </line>
    <line>
      <![CDATA[New trade data: DRAFT-080883]]>
    </line>
    <line>
      <![CDATA[BUY or SELL: SELL]]>
    </line>
    <line>
      <![CDATA[Total Trades After adding new: Total 1154 Trade]]>
    </line>
  </reporter-output>
  <suite started-at="2023-10-07T19:25:47 IST" name="Suite" finished-at="2023-10-07T19:27:41 IST" duration-ms="114181">
    <groups>
    </groups>
    <test started-at="2023-10-07T19:25:47 IST" name="Test" finished-at="2023-10-07T19:27:41 IST" duration-ms="114181">
      <class name="com.testCases.loginTest">
        <test-method is-config="true" signature="readProperty()[pri:0, instance:com.testCases.loginTest@648c94da]" started-at="2023-10-07T19:25:47 IST" name="readProperty" finished-at="2023-10-07T19:25:47 IST" duration-ms="34" status="PASS">
          <reporter-output>
          </reporter-output>
        </test-method> <!-- readProperty -->
        <test-method is-config="true" signature="setUp()[pri:0, instance:com.testCases.loginTest@648c94da]" started-at="2023-10-07T19:25:47 IST" name="setUp" finished-at="2023-10-07T19:26:38 IST" duration-ms="51101" status="PASS">
          <reporter-output>
          </reporter-output>
        </test-method> <!-- setUp -->
        <test-method signature="login()[pri:1, instance:com.testCases.loginTest@648c94da]" started-at="2023-10-07T19:26:38 IST" name="login" finished-at="2023-10-07T19:27:11 IST" duration-ms="32743" status="PASS">
          <reporter-output>
            <line>
              <![CDATA[Company entered: manu]]>
            </line>
            <line>
              <![CDATA[Username entered: Hrishikesh]]>
            </line>
            <line>
              <![CDATA[Password entered: Hrishikesh@1234]]>
            </line>
            <line>
              <![CDATA[Logged In]]>
            </line>
          </reporter-output>
        </test-method> <!-- login -->
        <test-method is-config="true" signature="tearDown()[pri:0, instance:com.testCases.loginTest@648c94da]" started-at="2023-10-07T19:27:40 IST" name="tearDown" finished-at="2023-10-07T19:27:41 IST" duration-ms="561" status="PASS">
          <reporter-output>
          </reporter-output>
        </test-method> <!-- tearDown -->
      </class> <!-- com.testCases.loginTest -->
      <class name="com.testCases.newTradeTest">
        <test-method signature="newtrade()[pri:0, instance:com.testCases.newTradeTest@24111ef1]" started-at="2023-10-07T19:27:11 IST" name="newtrade" finished-at="2023-10-07T19:27:40 IST" duration-ms="29639" status="PASS">
          <reporter-output>
            <line>
              <![CDATA[Moved to Home Page]]>
            </line>
            <line>
              <![CDATA[Page Title: Xceler CTRM]]>
            </line>
            <line>
              <![CDATA[Total Trades before adding new: Total 1153 Trade]]>
            </line>
            <line>
              <![CDATA[New Trade Creation Started]]>
            </line>
            <line>
              <![CDATA[New Trade Created]]>
            </line>
            <line>
              <![CDATA[Sell count: 12]]>
            </line>
            <line>
              <![CDATA[Buy count: 8]]>
            </line>
            <line>
              <![CDATA[New trade data: DRAFT-080883]]>
            </line>
            <line>
              <![CDATA[BUY or SELL: SELL]]>
            </line>
            <line>
              <![CDATA[Total Trades After adding new: Total 1154 Trade]]>
            </line>
          </reporter-output>
        </test-method> <!-- newtrade -->
      </class> <!-- com.testCases.newTradeTest -->
    </test> <!-- Test -->
  </suite> <!-- Suite -->
</testng-results>
